<?xml version="1.0" encoding="UTF-8"?>
<!-- Generated by org.testng.reporters.JUnitXMLReporter -->
<testsuite ignored="0" hostname="DESKTOP-OOAOPIP" failures="0" tests="4" name="login test-loginFunction" time="32.544" errors="0" timestamp="2023-03-02T22:11:55 IST">
  <testcase classname="loginTestCase.loginFunction" name="loginFubnction" time="11.522"/>
  <testcase classname="loginTestCase.loginFunction" name="loginFubnction" time="4.843"/>
  <testcase classname="loginTestCase.loginFunction" name="loginFubnction" time="5.772"/>
  <testcase classname="loginTestCase.loginFunction" name="loginFubnction" time="6.374"/>
</testsuite> <!-- login test-loginFunction -->
