<?xml version="1.0" encoding="UTF-8"?>
<!-- Generated by org.testng.reporters.JUnitXMLReporter -->
<testsuite ignored="0" hostname="DESKTOP-OOAOPIP" failures="0" tests="4" name="login test-loginTestPOM" time="30.5" errors="0" timestamp="2023-03-02T22:12:26 IST">
  <testcase classname="LoginTestPOM.LoginTest" name="loginScenario" time="11.46"/>
  <testcase classname="LoginTestPOM.LoginTest" name="loginScenario" time="4.889"/>
  <testcase classname="LoginTestPOM.LoginTest" name="loginScenario" time="5.673"/>
  <testcase classname="LoginTestPOM.LoginTest" name="loginScenario" time="6.603"/>
</testsuite> <!-- login test-loginTestPOM -->
